<?xml version="1.0" encoding="UTF-8"?>
<!-- Generated by org.testng.reporters.JUnitReportReporter -->
<testsuite hostname="LAPTOP-B42SM0L4" failures="0" tests="1" name="test.f3_Oauth2_Mukesh" time="1.824" errors="0" timestamp="2020-12-04T11:49:15 MYT" skipped="0">
  <testcase classname="test.f3_Oauth2_Mukesh" name="test1" time="1.824"/>
  <system-out/>
</testsuite> <!-- test.f3_Oauth2_Mukesh -->
