<?xml version="1.0" encoding="UTF-8"?>
<!-- Generated by org.testng.reporters.JUnitReportReporter -->
<testsuite hostname="LAPTOP-B42SM0L4" failures="0" tests="1" name="test.f2_OAuth2_with_AutomatedAuthCodeGeneration" time="25.652" errors="0" timestamp="2020-11-30T13:05:20 MYT" skipped="0">
  <testcase classname="test.f2_OAuth2_with_AutomatedAuthCodeGeneration" name="test" time="25.652"/>
  <system-out/>
</testsuite> <!-- test.f2_OAuth2_with_AutomatedAuthCodeGeneration -->
