<?xml version="1.0" encoding="UTF-8"?>
<!-- Generated by org.testng.reporters.JUnitReportReporter -->
<testsuite skipped="0" hostname="LAPTOP-B42SM0L4" name="test.OAuth2_with_AutomatedAuthCodeGeneration" tests="1" failures="0" timestamp="2020-08-31T07:03:31 SGT" time="24.302" errors="0">
  <testcase name="test" time="24.302" classname="test.OAuth2_with_AutomatedAuthCodeGeneration"/>
  <system-out/>
</testsuite> <!-- test.OAuth2_with_AutomatedAuthCodeGeneration -->
