<?xml version="1.0" encoding="UTF-8"?>
<!-- Generated by org.testng.reporters.JUnitReportReporter -->
<testsuite skipped="0" hostname="LAPTOP-B42SM0L4" name="test.OAuth2_withAutomatedAuthCodeGeneration" tests="1" failures="0" timestamp="2020-08-30T08:55:10 SGT" time="2.843" errors="0">
  <testcase name="test" time="2.843" classname="test.OAuth2_withAutomatedAuthCodeGeneration"/>
  <system-out/>
</testsuite> <!-- test.OAuth2_withAutomatedAuthCodeGeneration -->
