<?xml version="1.0" encoding="UTF-8"?>
<!-- Generated by org.testng.reporters.JUnitReportReporter -->
<testsuite hostname="LAPTOP-B42SM0L4" failures="0" tests="3" name="test.b_OAuth2_AutomatedUsingGrantType_ClientCredentials" time="3.006" errors="0" timestamp="2020-12-06T03:15:08 MYT" skipped="0">
  <testcase classname="test.b_OAuth2_AutomatedUsingGrantType_ClientCredentials" name="accessTokenGenerator" time="2.100"/>
  <system-out/>
  <testcase classname="test.b_OAuth2_AutomatedUsingGrantType_ClientCredentials" name="validScenarioUsingAccessToken" time="0.593"/>
  <system-out/>
  <testcase classname="test.b_OAuth2_AutomatedUsingGrantType_ClientCredentials" name="invalidScenarioUsingAccessToken" time="0.313"/>
  <system-out/>
</testsuite> <!-- test.b_OAuth2_AutomatedUsingGrantType_ClientCredentials -->
