<?xml version="1.0" encoding="UTF-8"?>
<!-- Generated by org.testng.reporters.JUnitReportReporter -->
<testsuite skipped="0" hostname="LAPTOP-B42SM0L4" name="test.DynamicJson" tests="4" failures="0" timestamp="2020-08-16T10:42:03 SGT" time="2.854" errors="0">
  <testcase name="addBook" time="2.122" classname="test.DynamicJson"/>
  <system-out/>
  <testcase name="addBook" time="0.245" classname="test.DynamicJson"/>
  <system-out/>
  <testcase name="addBook" time="0.240" classname="test.DynamicJson"/>
  <system-out/>
  <testcase name="addBook" time="0.247" classname="test.DynamicJson"/>
  <system-out/>
</testsuite> <!-- test.DynamicJson -->
