<?xml version="1.0" encoding="UTF-8"?>
<!-- Generated by org.testng.reporters.JUnitReportReporter -->
<testsuite skipped="0" hostname="LAPTOP-B42SM0L4" name="test.g_OAuth2_JSONResponseDeserialization_UsingPOJOClasses" tests="1" failures="0" timestamp="2020-09-02T09:00:23 SGT" time="27.372" errors="0">
  <testcase name="test" time="27.372" classname="test.g_OAuth2_JSONResponseDeserialization_UsingPOJOClasses"/>
  <system-out/>
</testsuite> <!-- test.g_OAuth2_JSONResponseDeserialization_UsingPOJOClasses -->
