<?xml version="1.0" encoding="UTF-8"?>
<!-- Generated by org.testng.reporters.JUnitReportReporter -->
<testsuite skipped="1" hostname="LAPTOP-B42SM0L4" name="test.DynamicParameterizedAPIChainingAddBooks" tests="2" failures="0" timestamp="2020-08-24T14:49:11 SGT" time="4.597" errors="0">
  <testcase name="addBook1" time="4.597" classname="test.DynamicParameterizedAPIChainingAddBooks"/>
  <system-out/>
  <testcase name="addBook" classname="test.DynamicParameterizedAPIChainingAddBooks">
    <skipped/>
  </testcase> <!-- addBook -->
  <system-out/>
</testsuite> <!-- test.DynamicParameterizedAPIChainingAddBooks -->
