<?xml version="1.0" encoding="UTF-8"?>
<!-- Generated by org.testng.reporters.JUnitReportReporter -->
<testsuite skipped="0" hostname="LAPTOP-B42SM0L4" name="test.test" tests="1" failures="0" timestamp="2020-08-30T08:50:15 SGT" time="4.888" errors="0">
  <testcase name="check" time="4.888" classname="test.test"/>
  <system-out/>
</testsuite> <!-- test.test -->
