<?xml version="1.0" encoding="UTF-8"?>
<!-- Generated by org.testng.reporters.JUnitReportReporter -->
<testsuite hostname="LAPTOP-B42SM0L4" failures="0" tests="3" name="test.f4_Oauth2_UsingDynamicAuthCode_Mukesh" time="2.964" errors="0" timestamp="2020-12-04T17:29:08 MYT" skipped="0">
  <testcase classname="test.f4_Oauth2_UsingDynamicAuthCode_Mukesh" name="accessTokenGenerator" time="2.179"/>
  <system-out/>
  <testcase classname="test.f4_Oauth2_UsingDynamicAuthCode_Mukesh" name="validScenarioUsingAccessToken" time="0.410"/>
  <system-out/>
  <testcase classname="test.f4_Oauth2_UsingDynamicAuthCode_Mukesh" name="invalidScenarioUsingAccessToken" time="0.375"/>
  <system-out/>
</testsuite> <!-- test.f4_Oauth2_UsingDynamicAuthCode_Mukesh -->
