<?xml version="1.0" encoding="UTF-8"?>
<!-- Generated by org.testng.reporters.JUnitReportReporter -->
<testsuite skipped="0" hostname="LAPTOP-B42SM0L4" name="test.OAuth2" tests="1" failures="0" timestamp="2020-08-30T07:29:04 SGT" time="2.738" errors="0">
  <testcase name="test" time="2.738" classname="test.OAuth2"/>
  <system-out/>
</testsuite> <!-- test.OAuth2 -->
