<?xml version="1.0" encoding="UTF-8"?>
<!-- Generated by org.testng.reporters.JUnitReportReporter -->
<testsuite hostname="LAPTOP-B42SM0L4" failures="0" tests="1" name="test.a_Oauth2_UsingStaticAuthCode" time="1.598" errors="0" timestamp="2020-12-06T03:08:03 MYT" skipped="0">
  <testcase classname="test.a_Oauth2_UsingStaticAuthCode" name="test1" time="1.598"/>
  <system-out/>
</testsuite> <!-- test.a_Oauth2_UsingStaticAuthCode -->
