<?xml version="1.0" encoding="UTF-8"?>
<!-- Generated by org.testng.reporters.JUnitReportReporter -->
<testsuite skipped="0" hostname="LAPTOP-B42SM0L4" name="test.h_OAuth2_JSONRequestSerialization_UsingPOJOClasses" tests="1" failures="0" timestamp="2020-09-02T11:29:45 SGT" time="4.306" errors="0">
  <testcase name="test" time="4.306" classname="test.h_OAuth2_JSONRequestSerialization_UsingPOJOClasses"/>
  <system-out/>
</testsuite> <!-- test.h_OAuth2_JSONRequestSerialization_UsingPOJOClasses -->
