<?xml version="1.0" encoding="UTF-8"?>
<!-- Generated by org.testng.reporters.JUnitReportReporter -->
<testsuite hostname="LAPTOP-B42SM0L4" failures="0" tests="3" name="test.b_Oauth2_UsingDynamicAuthCode" time="2.885" errors="0" timestamp="2020-12-04T18:46:22 MYT" skipped="0">
  <testcase classname="test.b_Oauth2_UsingDynamicAuthCode" name="accessTokenGenerator" time="2.141"/>
  <system-out/>
  <testcase classname="test.b_Oauth2_UsingDynamicAuthCode" name="validScenarioUsingAccessToken" time="0.408"/>
  <system-out/>
  <testcase classname="test.b_Oauth2_UsingDynamicAuthCode" name="invalidScenarioUsingAccessToken" time="0.336"/>
  <system-out/>
</testsuite> <!-- test.b_Oauth2_UsingDynamicAuthCode -->
