<?xml version="1.0" encoding="UTF-8"?>
<!-- Generated by org.testng.reporters.JUnitReportReporter -->
<testsuite skipped="0" hostname="LAPTOP-B42SM0L4" name="test.OAuth2_with_POJOClassDeserialization" tests="1" failures="0" timestamp="2020-08-31T17:16:20 SGT" time="20.874" errors="0">
  <testcase name="test" time="20.874" classname="test.OAuth2_with_POJOClassDeserialization"/>
  <system-out/>
</testsuite> <!-- test.OAuth2_with_POJOClassDeserialization -->
