<?xml version="1.0" encoding="UTF-8"?>
<!-- Generated by org.testng.reporters.JUnitReportReporter -->
<testsuite skipped="0" hostname="LAPTOP-B42SM0L4" name="test.h_JSONRequestSerialization_UsingPOJOClasses" tests="1" failures="0" timestamp="2020-09-03T06:14:24 SGT" time="2.359" errors="0">
  <testcase name="test" time="2.359" classname="test.h_JSONRequestSerialization_UsingPOJOClasses"/>
  <system-out/>
</testsuite> <!-- test.h_JSONRequestSerialization_UsingPOJOClasses -->
