<?xml version="1.0" encoding="UTF-8"?>
<!-- Generated by org.testng.reporters.JUnitReportReporter -->
<testsuite skipped="0" hostname="LAPTOP-B42SM0L4" name="test.Basics" tests="1" failures="0" timestamp="2020-08-15T10:32:31 SGT" time="4.178" errors="0">
  <testcase name="test" time="4.178" classname="test.Basics"/>
  <system-out/>
</testsuite> <!-- test.Basics -->
