<?xml version="1.0" encoding="UTF-8"?>
<!-- Generated by org.testng.reporters.JUnitReportReporter -->
<testsuite skipped="0" hostname="LAPTOP-B42SM0L4" name="test.i_SpecBuilderTest" tests="1" failures="0" timestamp="2020-09-03T06:12:20 SGT" time="2.943" errors="0">
  <testcase name="test" time="2.943" classname="test.i_SpecBuilderTest"/>
  <system-out/>
</testsuite> <!-- test.i_SpecBuilderTest -->
